[+] Containers:
 |- [+] Container: /Game/ThirdPerson/Maps/ThirdPersonMap
 |   |- [+] ActorDescs:
 |   |   |- Guid:08F9DC56444CFFF3F13B379E81EF05BC BaseClass: NativeClass:/Script/Engine.StaticMeshActor Name:StaticMeshActor_16 Label:SM_Cube11 SpatiallyLoaded:1 Bounds:IsValid=true, Min=(X=630.000 Y=2840.000 Z=0.000), Max=(X=1030.000 Y=3240.000 Z=400.000) RuntimeGrid:None EditorOnly:0 RuntimeOnly:0 HLODRelevant:1 FolderPath:Block03 FolderGuid:7B7009C345D3D6DD94D3429E1D79C034
 |   |   |- Guid:0B1288BD4211573805A2EA86A655E878 BaseClass: NativeClass:/Script/Engine.StaticMeshActor Name:StaticMeshActor_UAID_581122873421F66301_2024491999 Label:S_Limestone_Rubble_ubxbejwda_lod5 SpatiallyLoaded:1 Bounds:IsValid=true, Min=(X=122.830 Y=381.043 Z=-11.797), Max=(X=698.802 Y=644.384 Z=9.786) RuntimeGrid:None EditorOnly:0 RuntimeOnly:0 HLODRelevant:1 FolderPath:Playground FolderGuid:C73F09FC4215536B1DCE2A9E0A830C70
 |   |   |- Guid:0DC35D9A469BBFDBA475219748F05BE8 BaseClass: NativeClass:/Script/Engine.StaticMeshActor Name:StaticMeshActor_UAID_581122873421FA6301_1626029736 Label:SM_Cube16 SpatiallyLoaded:1 Bounds:IsValid=true, Min=(X=580.000 Y=1040.000 Z=-80.000), Max=(X=780.000 Y=1540.000 Z=420.000) RuntimeGrid:None EditorOnly:0 RuntimeOnly:0 HLODRelevant:1 FolderPath:Block03 FolderGuid:7B7009C345D3D6DD94D3429E1D79C034
 |   |   |- Guid:1458F66B4B2D59995701C3BAB7986721 BaseClass: NativeClass:/Script/Engine.StaticMeshActor Name:StaticMeshActor_UAID_581122873421F96301_1094592543 Label:S_Limestone_Rubble_ubxbejwda_lod7 SpatiallyLoaded:1 Bounds:IsValid=true, Min=(X=2737.608 Y=-202.004 Z=-38.987), Max=(X=3395.960 Y=1237.926 Z=68.929) RuntimeGrid:None EditorOnly:0 RuntimeOnly:0 HLODRelevant:1 FolderPath:Playground FolderGuid:C73F09FC4215536B1DCE2A9E0A830C70
 |   |   |- Guid:175910D245E68E3A1093AC905075D44C BaseClass: NativeClass:/Script/Engine.StaticMeshActor Name:StaticMeshActor_UAID_581122873421F86301_1212416361 Label:S_Limestone_Rocks_ubqxai2da_lod6 SpatiallyLoaded:1 Bounds:IsValid=true, Min=(X=2419.226 Y=3193.572 Z=-103.175), Max=(X=4704.510 Y=4758.072 Z=117.641) RuntimeGrid:None EditorOnly:0 RuntimeOnly:0 HLODRelevant:1 FolderPath:Playground FolderGuid:C73F09FC4215536B1DCE2A9E0A830C70
 |   |   |- Guid:19AA2F6B46E1D3D3E0C07280E9DB0E0E BaseClass: NativeClass:/Script/Engine.StaticMeshActor Name:StaticMeshActor_UAID_581122873421FA6301_1313114729 Label:S_Limestone_Rocks_ubxaajpda_lod9 SpatiallyLoaded:1 Bounds:IsValid=true, Min=(X=4022.811 Y=-362.827 Z=-157.733), Max=(X=4693.893 Y=273.889 Z=3.853) RuntimeGrid:None EditorOnly:0 RuntimeOnly:0 HLODRelevant:1
 |   |   |- Guid:1A789DC8415097E9856E5DB60740F01D BaseClass: NativeClass:/Script/Engine.StaticMeshActor Name:StaticMeshActor_34 Label:SM_QuarterCylinder13 SpatiallyLoaded:1 Bounds:IsValid=true, Min=(X=3120.000 Y=260.000 Z=0.000), Max=(X=3620.000 Y=760.000 Z=200.000) RuntimeGrid:None EditorOnly:0 RuntimeOnly:0 HLODRelevant:1 FolderPath:Cylinder FolderGuid:D075E5BA49330D3EC2503D81A7CF88D1
 |   |   |- Guid:1ADC3A874D3608897BDE8185BA5ECF95 BaseClass: NativeClass:/Script/Engine.StaticMeshActor Name:StaticMeshActor_UAID_581122873421F96301_1510205546 Label:S_Limestone_Slab_ub3rcjzda_lod10 SpatiallyLoaded:1 Bounds:IsValid=true, Min=(X=475.563 Y=2217.766 Z=-304.585), Max=(X=3620.109 Y=3602.245 Z=79.427) RuntimeGrid:None EditorOnly:0 RuntimeOnly:0 HLODRelevant:1
 |   |   |- Guid:1B70373744F1E54C77A308849DF63DC3 BaseClass: NativeClass:/Script/Engine.StaticMeshActor Name:StaticMeshActor_UAID_581122873421186301_1399827933 Label:SM_Ramp5 SpatiallyLoaded:1 Bounds:IsValid=true, Min=(X=3169.271 Y=761.017 Z=100.000), Max=(X=3369.271 Y=961.017 Z=200.000) RuntimeGrid:None EditorOnly:0 RuntimeOnly:0 HLODRelevant:1 FolderPath:Cylinder FolderGuid:D075E5BA49330D3EC2503D81A7CF88D1
 |   |   |- Guid:1B9598344A1F20E1A5125DA8A7E9FC0F BaseClass: NativeClass:/Script/Engine.StaticMeshActor Name:StaticMeshActor_22 Label:SM_QuarterCylinder4 SpatiallyLoaded:1 Bounds:IsValid=true, Min=(X=530.000 Y=2840.000 Z=0.000), Max=(X=630.000 Y=2940.000 Z=400.000) RuntimeGrid:None EditorOnly:0 RuntimeOnly:0 HLODRelevant:1 FolderPath:Block03 FolderGuid:7B7009C345D3D6DD94D3429E1D79C034
 |   |   |- Guid:20D1702B4B3F9C93A73B34AF486EA8EE BaseClass: NativeClass:/Script/Engine.StaticMeshActor Name:StaticMeshActor_UAID_581122873421F86301_2058580366 Label:S_Limestone_Rocks_ubordbyda_lod6 SpatiallyLoaded:1 Bounds:IsValid=true, Min=(X=2777.893 Y=897.868 Z=-96.893), Max=(X=3961.858 Y=2060.183 Z=217.864) RuntimeGrid:None EditorOnly:0 RuntimeOnly:0 HLODRelevant:1
 |   |   |- Guid:26B8C3BE41021A3F42B61FA534F9181E BaseClass: NativeClass:/Script/Engine.StaticMeshActor Name:StaticMeshActor_20 Label:SM_Cube12 SpatiallyLoaded:1 Bounds:IsValid=true, Min=(X=3440.000 Y=3190.000 Z=0.000), Max=(X=3540.000 Y=3490.000 Z=300.000) RuntimeGrid:None EditorOnly:0 RuntimeOnly:0 HLODRelevant:1 FolderPath:Block02 FolderGuid:EBA23F8248252949750E43911A3A1CDD
 |   |   |- Guid:2FB58999456391D349DC0F86DAC136ED BaseClass: NativeClass:/Script/Engine.SkyLight Name:SkyLight_1 Label:SkyLight SpatiallyLoaded:0 Bounds:IsValid=true, Min=(X=0.000 Y=0.000 Z=690.000), Max=(X=0.000 Y=0.000 Z=690.000) RuntimeGrid:None EditorOnly:0 RuntimeOnly:0 HLODRelevant:0 FolderPath:Lighting FolderGuid:963EC3EB4002CCE9759E2EBA541A873A
 |   |   |- Guid:316CF2A6494ACA4C0E4180A87D36AB8F BaseClass: NativeClass:/Script/Engine.ExponentialHeightFog Name:ExponentialHeightFog_0 Label:ExponentialHeightFog SpatiallyLoaded:0 Bounds:IsValid=true, Min=(X=-5600.000 Y=-50.000 Z=-6850.000), Max=(X=-5600.000 Y=-50.000 Z=-6850.000) RuntimeGrid:None EditorOnly:0 RuntimeOnly:0 HLODRelevant:0 FolderPath:Lighting FolderGuid:963EC3EB4002CCE9759E2EBA541A873A
 |   |   |- Guid:38756C3145CE3507D7ED99B853C178BC BaseClass: NativeClass:/Script/Engine.StaticMeshActor Name:StaticMeshActor_UAID_581122873421F96301_1892602549 Label:S_Limestone_Rubble_ubxbejwda_lod10 SpatiallyLoaded:1 Bounds:IsValid=true, Min=(X=7.749 Y=44.959 Z=-11.797), Max=(X=306.732 Y=636.328 Z=9.786) RuntimeGrid:None EditorOnly:0 RuntimeOnly:0 HLODRelevant:1 FolderPath:Playground FolderGuid:C73F09FC4215536B1DCE2A9E0A830C70
 |   |   |- Guid:3A00AA1C422CE54C0BDB60BAF471BFBB BaseClass: NativeClass:/Script/Engine.PlayerStart Name:PlayerStart_0 Label:PlayerStart SpatiallyLoaded:0 Bounds:IsValid=true, Min=(X=340.000 Y=500.000 Z=0.013), Max=(X=420.000 Y=580.000 Z=184.013) RuntimeGrid:None EditorOnly:0 RuntimeOnly:0 HLODRelevant:0
 |   |   |- Guid:3B0481F6448F9E4995D88DAB4AF00917 BaseClass: NativeClass:/Script/Engine.StaticMeshActor Name:StaticMeshActor_UAID_581122873421FA6301_1438370732 Label:S_Limestone_Slab_ub3rcjzda_lod12 SpatiallyLoaded:1 Bounds:IsValid=true, Min=(X=-322.245 Y=1001.672 Z=-242.292), Max=(X=1062.234 Y=3360.082 Z=-50.287) RuntimeGrid:None EditorOnly:0 RuntimeOnly:0 HLODRelevant:1 FolderPath:Playground FolderGuid:C73F09FC4215536B1DCE2A9E0A830C70
 |   |   |- Guid:43815E84492231AFC407F59E3C28176B BaseClass: NativeClass:/Script/Engine.StaticMeshActor Name:StaticMeshActor_4 Label:SM_Cube6 SpatiallyLoaded:1 Bounds:IsValid=true, Min=(X=4400.000 Y=100.000 Z=0.000), Max=(X=4500.000 Y=4400.000 Z=475.000) RuntimeGrid:None EditorOnly:0 RuntimeOnly:0 HLODRelevant:1 FolderPath:Playground FolderGuid:C73F09FC4215536B1DCE2A9E0A830C70
 |   |   |- Guid:4D3BE93F4146AAAC8BBE79999D96D57F BaseClass: NativeClass:/Script/Engine.VolumetricCloud Name:VolumetricCloud_0 Label:VolumetricCloud SpatiallyLoaded:0 Bounds:IsValid=true, Min=(X=0.000 Y=0.000 Z=820.000), Max=(X=0.000 Y=0.000 Z=820.000) RuntimeGrid:None EditorOnly:0 RuntimeOnly:0 HLODRelevant:0 FolderPath:Lighting FolderGuid:963EC3EB4002CCE9759E2EBA541A873A
 |   |   |- Guid:5186E52048BBB18FA16F8D9ECE573930 BaseClass: NativeClass:/Script/Engine.StaticMeshActor Name:StaticMeshActor_UAID_581122873421F76301_1841008183 Label:S_Limestone_Rocks_ubordbyda_lod5 SpatiallyLoaded:1 Bounds:IsValid=true, Min=(X=867.812 Y=933.474 Z=-27.232), Max=(X=3089.826 Y=2910.833 Z=759.660) RuntimeGrid:None EditorOnly:0 RuntimeOnly:0 HLODRelevant:1 FolderPath:Playground FolderGuid:C73F09FC4215536B1DCE2A9E0A830C70
 |   |   |- Guid:595836684A9978F032E16AA2661831B4 BaseClass: NativeClass:/Script/Engine.StaticMeshActor Name:StaticMeshActor_UAID_581122873421F86301_1296784362 Label:S_Limestone_Slab_ub3rcjzda_lod7 SpatiallyLoaded:1 Bounds:IsValid=true, Min=(X=651.939 Y=723.891 Z=-182.292), Max=(X=998.058 Y=1510.027 Z=9.713) RuntimeGrid:None EditorOnly:0 RuntimeOnly:0 HLODRelevant:1 FolderPath:Playground FolderGuid:C73F09FC4215536B1DCE2A9E0A830C70
 |   |   |- Guid:59CE89D047C75FBE41189BA8ABD2CA2A BaseClass: NativeClass:/Script/Engine.StaticMeshActor Name:StaticMeshActor_18 Label:SM_QuarterCylinder SpatiallyLoaded:1 Bounds:IsValid=true, Min=(X=3440.000 Y=3490.000 Z=0.000), Max=(X=3540.000 Y=3590.000 Z=300.000) RuntimeGrid:None EditorOnly:0 RuntimeOnly:0 HLODRelevant:1 FolderPath:Block02 FolderGuid:EBA23F8248252949750E43911A3A1CDD
 |   |   |- Guid:5B97F4A64FB21F77EFC44386BF705B4C BaseClass: NativeClass:/Script/Engine.TextRenderActor Name:TextRenderActor_1 Label:TextRenderActor SpatiallyLoaded:1 Bounds:IsValid=true, Min=(X=-0.100 Y=1100.000 Z=65.013), Max=(X=-0.100 Y=2392.308 Z=215.013) RuntimeGrid:None EditorOnly:0 RuntimeOnly:0 HLODRelevant:0
 |   |   |- Guid:5E4DB4154690C8B4EB14EAA9E92FAAFF BaseClass: NativeClass:/Script/Engine.StaticMeshActor Name:StaticMeshActor_33 Label:SM_QuarterCylinder12 SpatiallyLoaded:1 Bounds:IsValid=true, Min=(X=3120.000 Y=760.000 Z=0.000), Max=(X=3620.000 Y=1260.000 Z=100.000) RuntimeGrid:None EditorOnly:0 RuntimeOnly:0 HLODRelevant:1 FolderPath:Cylinder FolderGuid:D075E5BA49330D3EC2503D81A7CF88D1
 |   |   |- Guid:6362EDC44B658019D75DEB9BC8235871 BaseClass: NativeClass:/Script/Engine.StaticMeshActor Name:StaticMeshActor_UAID_581122873421F96301_1832530547 Label:S_Limestone_Rubble_ubxbejwda_lod8 SpatiallyLoaded:1 Bounds:IsValid=true, Min=(X=143.857 Y=143.136 Z=-11.797), Max=(X=756.807 Y=502.492 Z=9.786) RuntimeGrid:None EditorOnly:0 RuntimeOnly:0 HLODRelevant:1 FolderPath:Playground FolderGuid:C73F09FC4215536B1DCE2A9E0A830C70
 |   |   |- Guid:63AC5BBA425A1BB281F101A52E5D39CB BaseClass: NativeClass:/Script/Engine.StaticMeshActor Name:StaticMeshActor_UAID_581122873421F76301_1629332181 Label:S_Limestone_Slab_ub3rcjzda_lod6 SpatiallyLoaded:1 Bounds:IsValid=true, Min=(X=501.942 Y=689.973 Z=-182.292), Max=(X=848.061 Y=1476.109 Z=9.713) RuntimeGrid:None EditorOnly:0 RuntimeOnly:0 HLODRelevant:1 FolderPath:Playground FolderGuid:C73F09FC4215536B1DCE2A9E0A830C70
 |   |   |- Guid:65FC27D0478C0356CD5B1A8427F02C1A BaseClass: NativeClass:/Script/Engine.StaticMeshActor Name:StaticMeshActor_UAID_581122873421176301_2132987756 Label:SM_Cube14 SpatiallyLoaded:1 Bounds:IsValid=true, Min=(X=3118.289 Y=935.749 Z=0.000), Max=(X=3401.132 Y=1218.592 Z=100.000) RuntimeGrid:None EditorOnly:0 RuntimeOnly:0 HLODRelevant:1 FolderPath:Cylinder FolderGuid:D075E5BA49330D3EC2503D81A7CF88D1
 |   |   |- Guid:6BAF4DDD444C60371492D3919DB42C97 BaseClass: NativeClass:/Script/Engine.WorldDataLayers Name:WorldDataLayers Label:WorldDataLayers SpatiallyLoaded:0 Bounds:IsValid=true, Min=(X=0.000 Y=0.000 Z=0.000), Max=(X=0.000 Y=0.000 Z=0.000) RuntimeGrid:None EditorOnly:0 RuntimeOnly:0 HLODRelevant:0
 |   |   |- Guid:6E8E4C2143AF5431DE4004AA38098ECF BaseClass: NativeClass:/Script/Engine.StaticMeshActor Name:StaticMeshActor_UAID_581122873421FA6301_1533001734 Label:S_Limestone_Rocks_ubxaajpda_lod13 SpatiallyLoaded:1 Bounds:IsValid=true, Min=(X=-298.133 Y=2809.083 Z=-134.780), Max=(X=305.581 Y=3418.159 Z=-58.776) RuntimeGrid:None EditorOnly:0 RuntimeOnly:0 HLODRelevant:1 FolderPath:Playground FolderGuid:C73F09FC4215536B1DCE2A9E0A830C70
 |   |   |- Guid:73FA24E344511141F37C56AA0B3AE259 BaseClass: NativeClass:/Script/Engine.StaticMeshActor Name:StaticMeshActor_UAID_581122873421F96301_1846308548 Label:S_Limestone_Rubble_ubxbejwda_lod9 SpatiallyLoaded:1 Bounds:IsValid=true, Min=(X=176.798 Y=-31.576 Z=-25.392), Max=(X=1040.756 Y=363.435 Z=39.358) RuntimeGrid:None EditorOnly:0 RuntimeOnly:0 HLODRelevant:1 FolderPath:Playground FolderGuid:C73F09FC4215536B1DCE2A9E0A830C70
 |   |   |- Guid:745A095B4BA4E157E4537FA63F5B7B43 BaseClass: NativeClass:/Script/Engine.StaticMeshActor Name:StaticMeshActor_2 Label:SM_ChamferCube SpatiallyLoaded:1 Bounds:IsValid=true, Min=(X=1100.000 Y=2340.000 Z=80.013), Max=(X=1200.000 Y=2440.000 Z=180.013) RuntimeGrid:None EditorOnly:0 RuntimeOnly:0 HLODRelevant:0
 |   |   |- Guid:756712F540D634E05BF23EBB70ECF200 BaseClass: NativeClass:/Script/Engine.StaticMeshActor Name:StaticMeshActor_UAID_581122873421F96301_2005516551 Label:S_Limestone_Rocks_ubordbyda_lod7 SpatiallyLoaded:1 Bounds:IsValid=true, Min=(X=-292.666 Y=2920.250 Z=-143.785), Max=(X=1289.221 Y=4697.861 Z=485.728) RuntimeGrid:None EditorOnly:0 RuntimeOnly:0 HLODRelevant:1 FolderPath:Playground FolderGuid:C73F09FC4215536B1DCE2A9E0A830C70
 |   |   |- Guid:7587444F4FB13B9B9CD114BBE7885340 BaseClass: NativeClass:/Script/Engine.StaticMeshActor Name:StaticMeshActor_19 Label:SM_QuarterCylinder2 SpatiallyLoaded:1 Bounds:IsValid=true, Min=(X=3440.000 Y=3090.000 Z=0.000), Max=(X=3540.000 Y=3190.000 Z=300.000) RuntimeGrid:None EditorOnly:0 RuntimeOnly:0 HLODRelevant:1 FolderPath:Block02 FolderGuid:EBA23F8248252949750E43911A3A1CDD
 |   |   |- Guid:776575F44D66287828D31C8E19B5D42A BaseClass: NativeClass:/Script/Engine.StaticMeshActor Name:StaticMeshActor_UAID_581122873421186301_1457141934 Label:SM_Ramp6 SpatiallyLoaded:1 Bounds:IsValid=true, Min=(X=3419.271 Y=1011.017 Z=100.000), Max=(X=3619.271 Y=1211.017 Z=200.000) RuntimeGrid:None EditorOnly:0 RuntimeOnly:0 HLODRelevant:1 FolderPath:Cylinder FolderGuid:D075E5BA49330D3EC2503D81A7CF88D1
 |   |   |- Guid:79B5665349B8FA67CF3D59AF24B562D0 BaseClass: NativeClass:/Script/Engine.StaticMeshActor Name:StaticMeshActor_UAID_581122873421F96301_1911562550 Label:S_Limestone_Slab_ub3rcjzda_lod11 SpatiallyLoaded:1 Bounds:IsValid=true, Min=(X=1.942 Y=769.973 Z=-162.292), Max=(X=348.061 Y=1556.109 Z=29.713) RuntimeGrid:None EditorOnly:0 RuntimeOnly:0 HLODRelevant:1 FolderPath:Playground FolderGuid:C73F09FC4215536B1DCE2A9E0A830C70
 |   |   |- Guid:7E9FDED644DFC21E3E0AF789E01F1629 BaseClass: NativeClass:/Script/Engine.StaticMeshActor Name:StaticMeshActor_UAID_581122873421F86301_1296785363 Label:S_Limestone_Slab_ub3rcjzda_lod8 SpatiallyLoaded:1 Bounds:IsValid=true, Min=(X=871.939 Y=953.891 Z=-182.292), Max=(X=1218.058 Y=1740.027 Z=9.713) RuntimeGrid:None EditorOnly:0 RuntimeOnly:0 HLODRelevant:1 FolderPath:Playground FolderGuid:C73F09FC4215536B1DCE2A9E0A830C70
 |   |   |- Guid:833E74BD4641B3128762648F62559340 BaseClass: NativeClass:/Script/Engine.StaticMeshActor Name:StaticMeshActor_UAID_581122873421F76301_1126143177 Label:S_Limestone_Rocks_ubxaajpda_lod6 SpatiallyLoaded:1 Bounds:IsValid=true, Min=(X=-68.133 Y=469.083 Z=-22.390), Max=(X=535.581 Y=1078.159 Z=15.612) RuntimeGrid:None EditorOnly:0 RuntimeOnly:0 HLODRelevant:1 FolderPath:Playground FolderGuid:C73F09FC4215536B1DCE2A9E0A830C70
 |   |   |- Guid:94F6D9A645798F5BAD0B58BEED8F27F5 BaseClass: NativeClass:/Script/Engine.StaticMeshActor Name:StaticMeshActor_32 Label:SM_QuarterCylinder11 SpatiallyLoaded:1 Bounds:IsValid=true, Min=(X=3620.000 Y=760.000 Z=-0.000), Max=(X=4120.000 Y=1260.000 Z=200.000) RuntimeGrid:None EditorOnly:0 RuntimeOnly:0 HLODRelevant:1 FolderPath:Cylinder FolderGuid:D075E5BA49330D3EC2503D81A7CF88D1
 |   |   |- Guid:9765ECF54858C165188C95B28D88016B BaseClass: NativeClass:/Script/Engine.StaticMeshActor Name:StaticMeshActor_12 Label:SM_Cube8 SpatiallyLoaded:1 Bounds:IsValid=true, Min=(X=2240.000 Y=3090.000 Z=0.000), Max=(X=3440.000 Y=3590.000 Z=300.000) RuntimeGrid:None EditorOnly:0 RuntimeOnly:0 HLODRelevant:1 FolderPath:Block02 FolderGuid:EBA23F8248252949750E43911A3A1CDD
 |   |   |- Guid:97A5B8844CB568E9FF8F739A9E7A49F0 BaseClass: NativeClass:/Script/Engine.StaticMeshActor Name:StaticMeshActor_UAID_581122873421F76301_1189571179 Label:S_Limestone_Rubble_ubxbejwda_lod6 SpatiallyLoaded:1 Bounds:IsValid=true, Min=(X=627.749 Y=274.959 Z=-11.797), Max=(X=926.732 Y=866.328 Z=9.786) RuntimeGrid:None EditorOnly:0 RuntimeOnly:0 HLODRelevant:1 FolderPath:Playground FolderGuid:C73F09FC4215536B1DCE2A9E0A830C70
 |   |   |- Guid:9B0EE0284F47893E096AACA0745033A6 BaseClass: NativeClass:/Script/Engine.StaticMeshActor Name:StaticMeshActor_UAID_581122873421F76301_1546956180 Label:S_Limestone_Slab_ub3rcjzda_lod5 SpatiallyLoaded:1 Bounds:IsValid=true, Min=(X=211.939 Y=933.891 Z=-182.292), Max=(X=558.058 Y=1720.027 Z=9.713) RuntimeGrid:None EditorOnly:0 RuntimeOnly:0 HLODRelevant:1 FolderPath:Playground FolderGuid:C73F09FC4215536B1DCE2A9E0A830C70
 |   |   |- Guid:9BA64BC84244E87EE1EBB7835FD3B7C0 BaseClass: NativeClass:/Script/Engine.StaticMeshActor Name:StaticMeshActor_UAID_581122873421F86301_1467912364 Label:S_Limestone_Rocks_ubqxai2da_lod7 SpatiallyLoaded:1 Bounds:IsValid=true, Min=(X=749.226 Y=3073.572 Z=-73.175), Max=(X=3034.510 Y=4638.072 Z=147.641) RuntimeGrid:None EditorOnly:0 RuntimeOnly:0 HLODRelevant:1 FolderPath:Playground FolderGuid:C73F09FC4215536B1DCE2A9E0A830C70
 |   |   |- Guid:9BFF363746062F457E2F92A4631DBA20 BaseClass: NativeClass:/Script/Engine.StaticMeshActor Name:StaticMeshActor_11 Label:SM_ChamferPrism SpatiallyLoaded:1 Bounds:IsValid=true, Min=(X=473.472 Y=2569.117 Z=80.013), Max=(X=664.056 Y=2769.217 Z=210.013) RuntimeGrid:None EditorOnly:0 RuntimeOnly:0 HLODRelevant:0
 |   |   |- Guid:9DF847E94AAD8A4B34FFAE8081E0220F BaseClass: NativeClass:/Script/Engine.StaticMeshActor Name:StaticMeshActor_UAID_581122873421186301_1553474936 Label:SM_Ramp8 SpatiallyLoaded:1 Bounds:IsValid=true, Min=(X=3619.526 Y=307.043 Z=100.000), Max=(X=3819.526 Y=507.043 Z=200.000) RuntimeGrid:None EditorOnly:0 RuntimeOnly:0 HLODRelevant:1 FolderPath:Cylinder FolderGuid:D075E5BA49330D3EC2503D81A7CF88D1
 |   |   |- Guid:A56216954B2165CF0F35A886B537D536 BaseClass: NativeClass:/Script/Engine.StaticMeshActor Name:StaticMeshActor_0 Label:SM_Cube5 SpatiallyLoaded:1 Bounds:IsValid=true, Min=(X=-0.000 Y=100.000 Z=0.000), Max=(X=100.000 Y=4400.000 Z=475.000) RuntimeGrid:None EditorOnly:0 RuntimeOnly:0 HLODRelevant:1 FolderPath:Playground FolderGuid:C73F09FC4215536B1DCE2A9E0A830C70
 |   |   |- Guid:A741E7EF4A11875197923FA935D9202A BaseClass: NativeClass:/Script/Engine.StaticMeshActor Name:StaticMeshActor_UAID_581122873421176301_1920379755 Label:SM_Ramp4 SpatiallyLoaded:1 Bounds:IsValid=true, Min=(X=2907.139 Y=1001.017 Z=0.000), Max=(X=3331.403 Y=1425.281 Z=100.000) RuntimeGrid:None EditorOnly:0 RuntimeOnly:0 HLODRelevant:1 FolderPath:Cylinder FolderGuid:D075E5BA49330D3EC2503D81A7CF88D1
 |   |   |- Guid:B303C6F3469F0776C78786BFE2F89800 BaseClass: NativeClass:/Script/Engine.StaticMeshActor Name:StaticMeshActor_UAID_581122873421196301_1938131116 Label:SM_ChamferSphere SpatiallyLoaded:1 Bounds:IsValid=true, Min=(X=1510.953 Y=658.252 Z=60.000), Max=(X=1688.536 Y=835.835 Z=190.000) RuntimeGrid:None EditorOnly:0 RuntimeOnly:0 HLODRelevant:0
 |   |   |- Guid:B4073B3346CFEAEA2DC527823B8637BC BaseClass: NativeClass:/Script/Engine.StaticMeshActor Name:StaticMeshActor_UAID_581122873421FA6301_1549463735 Label:S_Limestone_Rocks_ubxaajpda_lod14 SpatiallyLoaded:1 Bounds:IsValid=true, Min=(X=-422.199 Y=3873.624 Z=-151.950), Max=(X=483.372 Y=4787.239 Z=38.061) RuntimeGrid:None EditorOnly:0 RuntimeOnly:0 HLODRelevant:1 FolderPath:Playground FolderGuid:C73F09FC4215536B1DCE2A9E0A830C70
 |   |   |- Guid:B5725A4540CD6A0B5840D19038E4DA66 BaseClass: NativeClass:/Script/Engine.StaticMeshActor Name:StaticMeshActor_UAID_581122873421FA6301_1341262730 Label:S_Limestone_Rocks_ubxaajpda_lod10 SpatiallyLoaded:1 Bounds:IsValid=true, Min=(X=4183.034 Y=2999.309 Z=-157.170), Max=(X=4852.411 Y=3632.325 Z=-43.163) RuntimeGrid:None EditorOnly:0 RuntimeOnly:0 HLODRelevant:1
 |   |   |- Guid:B785ED2844B84CFB91E7F39FE661CD99 BaseClass: NativeClass:/Script/Engine.DirectionalLight Name:DirectionalLight_0 Label:DirectionalLight SpatiallyLoaded:0 Bounds:IsValid=true, Min=(X=-1048576.000 Y=-1048576.000 Z=-1048576.000), Max=(X=1048576.000 Y=1048576.000 Z=1048576.000) RuntimeGrid:None EditorOnly:0 RuntimeOnly:0 HLODRelevant:0 FolderPath:Lighting FolderGuid:963EC3EB4002CCE9759E2EBA541A873A
 |   |   |- Guid:B97FBCFA40F3CD99409DF99AB78B9619 BaseClass: NativeClass:/Script/Engine.StaticMeshActor Name:StaticMeshActor_UAID_581122873421F76301_2000280184 Label:S_Limestone_Rocks_ubqxai2da_lod5 SpatiallyLoaded:1 Bounds:IsValid=true, Min=(X=769.226 Y=-336.428 Z=-73.175), Max=(X=3054.510 Y=1228.072 Z=147.641) RuntimeGrid:None EditorOnly:0 RuntimeOnly:0 HLODRelevant:1 FolderPath:Playground FolderGuid:C73F09FC4215536B1DCE2A9E0A830C70
 |   |   |- Guid:BC08B79C4EA3C961CFF75EBBE83B367D BaseClass: NativeClass:/Script/Engine.StaticMeshActor Name:StaticMeshActor_5 Label:SM_Cube2 SpatiallyLoaded:1 Bounds:IsValid=true, Min=(X=0.000 Y=0.000 Z=0.000), Max=(X=4500.000 Y=100.000 Z=475.000) RuntimeGrid:None EditorOnly:0 RuntimeOnly:0 HLODRelevant:1 FolderPath:Playground FolderGuid:C73F09FC4215536B1DCE2A9E0A830C70
 |   |   |- Guid:C5BB9BD84888A045085498B951644011 BaseClass: NativeClass:/Script/Engine.StaticMeshActor Name:StaticMeshActor_UAID_581122873421F96301_1181860544 Label:S_Limestone_Rocks_ubxaajpda_lod7 SpatiallyLoaded:1 Bounds:IsValid=true, Min=(X=2404.079 Y=1243.657 Z=-141.950), Max=(X=4063.198 Y=2940.718 Z=48.061) RuntimeGrid:None EditorOnly:0 RuntimeOnly:0 HLODRelevant:1 FolderPath:Playground FolderGuid:C73F09FC4215536B1DCE2A9E0A830C70
 |   |   |- Guid:CCFF262C46EEFFDF319E7F9539CE697E BaseClass: NativeClass:/Script/Engine.SkyAtmosphere Name:SkyAtmosphere_0 Label:SkyAtmosphere SpatiallyLoaded:0 Bounds:IsValid=true, Min=(X=0.000 Y=0.000 Z=1020.000), Max=(X=0.000 Y=0.000 Z=1020.000) RuntimeGrid:None EditorOnly:0 RuntimeOnly:0 HLODRelevant:0 FolderPath:Lighting FolderGuid:963EC3EB4002CCE9759E2EBA541A873A
 |   |   |- Guid:DBC730174A7F51D9E14433AEF0C30A39 BaseClass: NativeClass:/Script/Engine.StaticMeshActor Name:StaticMeshActor_24 Label:SM_Cube13 SpatiallyLoaded:1 Bounds:IsValid=true, Min=(X=530.000 Y=2940.000 Z=0.000), Max=(X=630.000 Y=3140.000 Z=400.000) RuntimeGrid:None EditorOnly:0 RuntimeOnly:0 HLODRelevant:1 FolderPath:Block03 FolderGuid:7B7009C345D3D6DD94D3429E1D79C034
 |   |   |- Guid:DE01529D4D911D38834BCB9EA2E6D6E1 BaseClass: NativeClass:/Script/Engine.StaticMeshActor Name:StaticMeshActor_UAID_581122873421196301_2014064117 Label:SM_ChamferCylinder SpatiallyLoaded:1 Bounds:IsValid=true, Min=(X=2645.826 Y=3183.774 Z=300.000), Max=(X=2745.826 Y=3283.774 Z=400.000) RuntimeGrid:None EditorOnly:0 RuntimeOnly:0 HLODRelevant:0
 |   |   |- Guid:DE3A079B4635A6D8D620CCBC6C0BB1C0 BaseClass: NativeClass:/Script/Engine.StaticMeshActor Name:StaticMeshActor_35 Label:SM_QuarterCylinder14 SpatiallyLoaded:1 Bounds:IsValid=true, Min=(X=3620.000 Y=260.000 Z=0.000), Max=(X=4120.000 Y=760.000 Z=100.000) RuntimeGrid:None EditorOnly:0 RuntimeOnly:0 HLODRelevant:1 FolderPath:Cylinder FolderGuid:D075E5BA49330D3EC2503D81A7CF88D1
 |   |   |- Guid:DECA7ACE4AADF761DD652DAFA4C028D3 BaseClass: NativeClass:/Script/Engine.StaticMeshActor Name:StaticMeshActor_UAID_581122873421F96301_1355103545 Label:S_Limestone_Slab_ub3rcjzda_lod9 SpatiallyLoaded:1 Bounds:IsValid=true, Min=(X=3307.755 Y=1025.563 Z=-112.458), Max=(X=4692.234 Y=4170.109 Z=-74.057) RuntimeGrid:None EditorOnly:0 RuntimeOnly:0 HLODRelevant:1
 |   |   |- Guid:E666CF3649949E52494A4B84335A3FE8 BaseClass: NativeClass:/Script/Engine.StaticMeshActor Name:StaticMeshActor_UAID_581122873421196301_1790524115 Label:SM_Cube15 SpatiallyLoaded:1 Bounds:IsValid=true, Min=(X=3619.000 Y=665.749 Z=100.000), Max=(X=4019.000 Y=765.749 Z=200.000) RuntimeGrid:None EditorOnly:0 RuntimeOnly:0 HLODRelevant:1 FolderPath:Cylinder FolderGuid:D075E5BA49330D3EC2503D81A7CF88D1
 |   |   |- Guid:E73E39994140315EB81324BF0A5D6400 BaseClass: NativeClass:/Script/Engine.StaticMeshActor Name:StaticMeshActor_10 Label:SM_ChamferStatue SpatiallyLoaded:1 Bounds:IsValid=true, Min=(X=1172.821 Y=3022.821 Z=0.000), Max=(X=1307.179 Y=3157.179 Z=259.899) RuntimeGrid:None EditorOnly:0 RuntimeOnly:0 HLODRelevant:0
 |   |   |- Guid:E864EE5542C27D6674BEBB9312F02BB4 BaseClass: NativeClass:/Script/Engine.StaticMeshActor Name:StaticMeshActor_23 Label:SM_QuarterCylinder5 SpatiallyLoaded:1 Bounds:IsValid=true, Min=(X=530.000 Y=3140.000 Z=0.000), Max=(X=630.000 Y=3240.000 Z=400.000) RuntimeGrid:None EditorOnly:0 RuntimeOnly:0 HLODRelevant:1 FolderPath:Block03 FolderGuid:7B7009C345D3D6DD94D3429E1D79C034
 |   |   |- Guid:EC4E0C944CE6AC6E784BC6BB2916EA13 BaseClass: NativeClass:/Script/Engine.StaticMeshActor Name:StaticMeshActor_UAID_A4AE111137DC5EFB00_1110535423 Label:SM_SkySphere SpatiallyLoaded:0 Bounds:IsValid=true, Min=(X=-1638400.000 Y=-1638400.000 Z=-1638400.000), Max=(X=1638400.000 Y=1638400.000 Z=1638400.000) RuntimeGrid:None EditorOnly:0 RuntimeOnly:0 HLODRelevant:1 FolderPath:Lighting FolderGuid:963EC3EB4002CCE9759E2EBA541A873A
 |   |   |- Guid:ED44DA684F40002733ADF18F8DD612A5 BaseClass: NativeClass:/Script/Engine.StaticMeshActor Name:StaticMeshActor_UAID_581122873421F76301_1098376176 Label:S_Limestone_Rocks_ubxaajpda_lod5 SpatiallyLoaded:1 Bounds:IsValid=true, Min=(X=253.034 Y=449.309 Z=-54.780), Max=(X=922.411 Y=1082.325 Z=21.224) RuntimeGrid:None EditorOnly:0 RuntimeOnly:0 HLODRelevant:1 FolderPath:Playground FolderGuid:C73F09FC4215536B1DCE2A9E0A830C70
 |   |   |- Guid:EE2E2ED0474A9D7FEDE7B3A0E1846997 BaseClass: NativeClass:/Script/Engine.StaticMeshActor Name:StaticMeshActor_UAID_581122873421FA6301_1394262731 Label:S_Limestone_Rocks_ubxaajpda_lod11 SpatiallyLoaded:1 Bounds:IsValid=true, Min=(X=4143.034 Y=4169.309 Z=-157.170), Max=(X=4812.411 Y=4802.325 Z=-43.163) RuntimeGrid:None EditorOnly:0 RuntimeOnly:0 HLODRelevant:1
 |   |   |- Guid:EFCB8CAC468C51A741F52EB4CD1B3085 BaseClass: NativeClass:/Script/Engine.StaticMeshActor Name:StaticMeshActor_UAID_581122873421FA6301_1513025733 Label:S_Limestone_Rocks_ubxaajpda_lod12 SpatiallyLoaded:1 Bounds:IsValid=true, Min=(X=-208.133 Y=1209.083 Z=-104.780), Max=(X=395.581 Y=1818.159 Z=-28.776) RuntimeGrid:None EditorOnly:0 RuntimeOnly:0 HLODRelevant:1 FolderPath:Playground FolderGuid:C73F09FC4215536B1DCE2A9E0A830C70
 |   |   |- Guid:F5E3FEB3450C49844FD93DA8E083C8AD BaseClass: NativeClass:/Script/Engine.PostProcessVolume Name:PostProcessVolume_0 Label:PostProcessVolume SpatiallyLoaded:0 Bounds:IsValid=true, Min=(X=0.000 Y=0.000 Z=400.000), Max=(X=200.000 Y=200.000 Z=600.000) RuntimeGrid:None EditorOnly:0 RuntimeOnly:0 HLODRelevant:0 FolderPath:Lighting FolderGuid:963EC3EB4002CCE9759E2EBA541A873A
 |   |   |- Guid:FB11C5134F6275410EF9659E2525CA8B BaseClass: NativeClass:/Script/Engine.StaticMeshActor Name:StaticMeshActor_UAID_581122873421F96301_2133113552 Label:S_Limestone_Rocks_ubxaajpda_lod8 SpatiallyLoaded:1 Bounds:IsValid=true, Min=(X=2536.780 Y=-318.969 Z=-323.900), Max=(X=4768.037 Y=1791.082 Z=56.122) RuntimeGrid:None EditorOnly:0 RuntimeOnly:0 HLODRelevant:1
 |   |   |- Guid:FF698C67459ADB4982D7759C0905EE9F BaseClass: NativeClass:/Script/Engine.StaticMeshActor Name:StaticMeshActor_6 Label:SM_Cube3 SpatiallyLoaded:1 Bounds:IsValid=true, Min=(X=0.000 Y=4400.000 Z=0.000), Max=(X=4500.000 Y=4500.000 Z=475.000) RuntimeGrid:None EditorOnly:0 RuntimeOnly:0 HLODRelevant:1 FolderPath:Playground FolderGuid:C73F09FC4215536B1DCE2A9E0A830C70
 |   |- [+] Clusters:
 |   |   |- [+] [  0]
 |   |   |   |- Guid:6BAF4DDD444C60371492D3919DB42C97 BaseClass: NativeClass:/Script/Engine.WorldDataLayers Name:WorldDataLayers Label:WorldDataLayers SpatiallyLoaded:0 Bounds:IsValid=true, Min=(X=0.000 Y=0.000 Z=0.000), Max=(X=0.000 Y=0.000 Z=0.000) RuntimeGrid:None EditorOnly:0 RuntimeOnly:0 HLODRelevant:0
 |   |   |- [+] [  1]
 |   |   |   |- Guid:B303C6F3469F0776C78786BFE2F89800 BaseClass: NativeClass:/Script/Engine.StaticMeshActor Name:StaticMeshActor_UAID_581122873421196301_1938131116 Label:SM_ChamferSphere SpatiallyLoaded:1 Bounds:IsValid=true, Min=(X=1510.953 Y=658.252 Z=60.000), Max=(X=1688.536 Y=835.835 Z=190.000) RuntimeGrid:None EditorOnly:0 RuntimeOnly:0 HLODRelevant:0
 |   |   |- [+] [  2]
 |   |   |   |- Guid:59CE89D047C75FBE41189BA8ABD2CA2A BaseClass: NativeClass:/Script/Engine.StaticMeshActor Name:StaticMeshActor_18 Label:SM_QuarterCylinder SpatiallyLoaded:1 Bounds:IsValid=true, Min=(X=3440.000 Y=3490.000 Z=0.000), Max=(X=3540.000 Y=3590.000 Z=300.000) RuntimeGrid:None EditorOnly:0 RuntimeOnly:0 HLODRelevant:1 FolderPath:Block02 FolderGuid:EBA23F8248252949750E43911A3A1CDD
 |   |   |- [+] [  3]
 |   |   |   |- Guid:F5E3FEB3450C49844FD93DA8E083C8AD BaseClass: NativeClass:/Script/Engine.PostProcessVolume Name:PostProcessVolume_0 Label:PostProcessVolume SpatiallyLoaded:0 Bounds:IsValid=true, Min=(X=0.000 Y=0.000 Z=400.000), Max=(X=200.000 Y=200.000 Z=600.000) RuntimeGrid:None EditorOnly:0 RuntimeOnly:0 HLODRelevant:0 FolderPath:Lighting FolderGuid:963EC3EB4002CCE9759E2EBA541A873A
 |   |   |- [+] [  4]
 |   |   |   |- Guid:E73E39994140315EB81324BF0A5D6400 BaseClass: NativeClass:/Script/Engine.StaticMeshActor Name:StaticMeshActor_10 Label:SM_ChamferStatue SpatiallyLoaded:1 Bounds:IsValid=true, Min=(X=1172.821 Y=3022.821 Z=0.000), Max=(X=1307.179 Y=3157.179 Z=259.899) RuntimeGrid:None EditorOnly:0 RuntimeOnly:0 HLODRelevant:0
 |   |   |- [+] [  5]
 |   |   |   |- Guid:5B97F4A64FB21F77EFC44386BF705B4C BaseClass: NativeClass:/Script/Engine.TextRenderActor Name:TextRenderActor_1 Label:TextRenderActor SpatiallyLoaded:1 Bounds:IsValid=true, Min=(X=-0.100 Y=1100.000 Z=65.013), Max=(X=-0.100 Y=2392.308 Z=215.013) RuntimeGrid:None EditorOnly:0 RuntimeOnly:0 HLODRelevant:0
 |   |   |- [+] [  6]
 |   |   |   |- Guid:4D3BE93F4146AAAC8BBE79999D96D57F BaseClass: NativeClass:/Script/Engine.VolumetricCloud Name:VolumetricCloud_0 Label:VolumetricCloud SpatiallyLoaded:0 Bounds:IsValid=true, Min=(X=0.000 Y=0.000 Z=820.000), Max=(X=0.000 Y=0.000 Z=820.000) RuntimeGrid:None EditorOnly:0 RuntimeOnly:0 HLODRelevant:0 FolderPath:Lighting FolderGuid:963EC3EB4002CCE9759E2EBA541A873A
 |   |   |- [+] [  7]
 |   |   |   |- Guid:DBC730174A7F51D9E14433AEF0C30A39 BaseClass: NativeClass:/Script/Engine.StaticMeshActor Name:StaticMeshActor_24 Label:SM_Cube13 SpatiallyLoaded:1 Bounds:IsValid=true, Min=(X=530.000 Y=2940.000 Z=0.000), Max=(X=630.000 Y=3140.000 Z=400.000) RuntimeGrid:None EditorOnly:0 RuntimeOnly:0 HLODRelevant:1 FolderPath:Block03 FolderGuid:7B7009C345D3D6DD94D3429E1D79C034
 |   |   |- [+] [  8]
 |   |   |   |- Guid:1A789DC8415097E9856E5DB60740F01D BaseClass: NativeClass:/Script/Engine.StaticMeshActor Name:StaticMeshActor_34 Label:SM_QuarterCylinder13 SpatiallyLoaded:1 Bounds:IsValid=true, Min=(X=3120.000 Y=260.000 Z=0.000), Max=(X=3620.000 Y=760.000 Z=200.000) RuntimeGrid:None EditorOnly:0 RuntimeOnly:0 HLODRelevant:1 FolderPath:Cylinder FolderGuid:D075E5BA49330D3EC2503D81A7CF88D1
 |   |   |- [+] [  9]
 |   |   |   |- Guid:DE01529D4D911D38834BCB9EA2E6D6E1 BaseClass: NativeClass:/Script/Engine.StaticMeshActor Name:StaticMeshActor_UAID_581122873421196301_2014064117 Label:SM_ChamferCylinder SpatiallyLoaded:1 Bounds:IsValid=true, Min=(X=2645.826 Y=3183.774 Z=300.000), Max=(X=2745.826 Y=3283.774 Z=400.000) RuntimeGrid:None EditorOnly:0 RuntimeOnly:0 HLODRelevant:0
 |   |   |- [+] [ 10]
 |   |   |   |- Guid:CCFF262C46EEFFDF319E7F9539CE697E BaseClass: NativeClass:/Script/Engine.SkyAtmosphere Name:SkyAtmosphere_0 Label:SkyAtmosphere SpatiallyLoaded:0 Bounds:IsValid=true, Min=(X=0.000 Y=0.000 Z=1020.000), Max=(X=0.000 Y=0.000 Z=1020.000) RuntimeGrid:None EditorOnly:0 RuntimeOnly:0 HLODRelevant:0 FolderPath:Lighting FolderGuid:963EC3EB4002CCE9759E2EBA541A873A
 |   |   |- [+] [ 11]
 |   |   |   |- Guid:EC4E0C944CE6AC6E784BC6BB2916EA13 BaseClass: NativeClass:/Script/Engine.StaticMeshActor Name:StaticMeshActor_UAID_A4AE111137DC5EFB00_1110535423 Label:SM_SkySphere SpatiallyLoaded:0 Bounds:IsValid=true, Min=(X=-1638400.000 Y=-1638400.000 Z=-1638400.000), Max=(X=1638400.000 Y=1638400.000 Z=1638400.000) RuntimeGrid:None EditorOnly:0 RuntimeOnly:0 HLODRelevant:1 FolderPath:Lighting FolderGuid:963EC3EB4002CCE9759E2EBA541A873A
 |   |   |- [+] [ 12]
 |   |   |   |- Guid:9BFF363746062F457E2F92A4631DBA20 BaseClass: NativeClass:/Script/Engine.StaticMeshActor Name:StaticMeshActor_11 Label:SM_ChamferPrism SpatiallyLoaded:1 Bounds:IsValid=true, Min=(X=473.472 Y=2569.117 Z=80.013), Max=(X=664.056 Y=2769.217 Z=210.013) RuntimeGrid:None EditorOnly:0 RuntimeOnly:0 HLODRelevant:0
 |   |   |- [+] [ 13]
 |   |   |   |- Guid:43815E84492231AFC407F59E3C28176B BaseClass: NativeClass:/Script/Engine.StaticMeshActor Name:StaticMeshActor_4 Label:SM_Cube6 SpatiallyLoaded:1 Bounds:IsValid=true, Min=(X=4400.000 Y=100.000 Z=0.000), Max=(X=4500.000 Y=4400.000 Z=475.000) RuntimeGrid:None EditorOnly:0 RuntimeOnly:0 HLODRelevant:1 FolderPath:Playground FolderGuid:C73F09FC4215536B1DCE2A9E0A830C70
 |   |   |- [+] [ 14]
 |   |   |   |- Guid:7587444F4FB13B9B9CD114BBE7885340 BaseClass: NativeClass:/Script/Engine.StaticMeshActor Name:StaticMeshActor_19 Label:SM_QuarterCylinder2 SpatiallyLoaded:1 Bounds:IsValid=true, Min=(X=3440.000 Y=3090.000 Z=0.000), Max=(X=3540.000 Y=3190.000 Z=300.000) RuntimeGrid:None EditorOnly:0 RuntimeOnly:0 HLODRelevant:1 FolderPath:Block02 FolderGuid:EBA23F8248252949750E43911A3A1CDD
 |   |   |- [+] [ 15]
 |   |   |   |- Guid:B785ED2844B84CFB91E7F39FE661CD99 BaseClass: NativeClass:/Script/Engine.DirectionalLight Name:DirectionalLight_0 Label:DirectionalLight SpatiallyLoaded:0 Bounds:IsValid=true, Min=(X=-1048576.000 Y=-1048576.000 Z=-1048576.000), Max=(X=1048576.000 Y=1048576.000 Z=1048576.000) RuntimeGrid:None EditorOnly:0 RuntimeOnly:0 HLODRelevant:0 FolderPath:Lighting FolderGuid:963EC3EB4002CCE9759E2EBA541A873A
 |   |   |- [+] [ 16]
 |   |   |   |- Guid:1B9598344A1F20E1A5125DA8A7E9FC0F BaseClass: NativeClass:/Script/Engine.StaticMeshActor Name:StaticMeshActor_22 Label:SM_QuarterCylinder4 SpatiallyLoaded:1 Bounds:IsValid=true, Min=(X=530.000 Y=2840.000 Z=0.000), Max=(X=630.000 Y=2940.000 Z=400.000) RuntimeGrid:None EditorOnly:0 RuntimeOnly:0 HLODRelevant:1 FolderPath:Block03 FolderGuid:7B7009C345D3D6DD94D3429E1D79C034
 |   |   |- [+] [ 17]
 |   |   |   |- Guid:5E4DB4154690C8B4EB14EAA9E92FAAFF BaseClass: NativeClass:/Script/Engine.StaticMeshActor Name:StaticMeshActor_33 Label:SM_QuarterCylinder12 SpatiallyLoaded:1 Bounds:IsValid=true, Min=(X=3120.000 Y=760.000 Z=0.000), Max=(X=3620.000 Y=1260.000 Z=100.000) RuntimeGrid:None EditorOnly:0 RuntimeOnly:0 HLODRelevant:1 FolderPath:Cylinder FolderGuid:D075E5BA49330D3EC2503D81A7CF88D1
 |   |   |- [+] [ 18]
 |   |   |   |- Guid:316CF2A6494ACA4C0E4180A87D36AB8F BaseClass: NativeClass:/Script/Engine.ExponentialHeightFog Name:ExponentialHeightFog_0 Label:ExponentialHeightFog SpatiallyLoaded:0 Bounds:IsValid=true, Min=(X=-5600.000 Y=-50.000 Z=-6850.000), Max=(X=-5600.000 Y=-50.000 Z=-6850.000) RuntimeGrid:None EditorOnly:0 RuntimeOnly:0 HLODRelevant:0 FolderPath:Lighting FolderGuid:963EC3EB4002CCE9759E2EBA541A873A
 |   |   |- [+] [ 19]
 |   |   |   |- Guid:DE3A079B4635A6D8D620CCBC6C0BB1C0 BaseClass: NativeClass:/Script/Engine.StaticMeshActor Name:StaticMeshActor_35 Label:SM_QuarterCylinder14 SpatiallyLoaded:1 Bounds:IsValid=true, Min=(X=3620.000 Y=260.000 Z=0.000), Max=(X=4120.000 Y=760.000 Z=100.000) RuntimeGrid:None EditorOnly:0 RuntimeOnly:0 HLODRelevant:1 FolderPath:Cylinder FolderGuid:D075E5BA49330D3EC2503D81A7CF88D1
 |   |   |- [+] [ 20]
 |   |   |   |- Guid:E666CF3649949E52494A4B84335A3FE8 BaseClass: NativeClass:/Script/Engine.StaticMeshActor Name:StaticMeshActor_UAID_581122873421196301_1790524115 Label:SM_Cube15 SpatiallyLoaded:1 Bounds:IsValid=true, Min=(X=3619.000 Y=665.749 Z=100.000), Max=(X=4019.000 Y=765.749 Z=200.000) RuntimeGrid:None EditorOnly:0 RuntimeOnly:0 HLODRelevant:1 FolderPath:Cylinder FolderGuid:D075E5BA49330D3EC2503D81A7CF88D1
 |   |   |- [+] [ 21]
 |   |   |   |- Guid:776575F44D66287828D31C8E19B5D42A BaseClass: NativeClass:/Script/Engine.StaticMeshActor Name:StaticMeshActor_UAID_581122873421186301_1457141934 Label:SM_Ramp6 SpatiallyLoaded:1 Bounds:IsValid=true, Min=(X=3419.271 Y=1011.017 Z=100.000), Max=(X=3619.271 Y=1211.017 Z=200.000) RuntimeGrid:None EditorOnly:0 RuntimeOnly:0 HLODRelevant:1 FolderPath:Cylinder FolderGuid:D075E5BA49330D3EC2503D81A7CF88D1
 |   |   |- [+] [ 22]
 |   |   |   |- Guid:1B70373744F1E54C77A308849DF63DC3 BaseClass: NativeClass:/Script/Engine.StaticMeshActor Name:StaticMeshActor_UAID_581122873421186301_1399827933 Label:SM_Ramp5 SpatiallyLoaded:1 Bounds:IsValid=true, Min=(X=3169.271 Y=761.017 Z=100.000), Max=(X=3369.271 Y=961.017 Z=200.000) RuntimeGrid:None EditorOnly:0 RuntimeOnly:0 HLODRelevant:1 FolderPath:Cylinder FolderGuid:D075E5BA49330D3EC2503D81A7CF88D1
 |   |   |- [+] [ 23]
 |   |   |   |- Guid:9DF847E94AAD8A4B34FFAE8081E0220F BaseClass: NativeClass:/Script/Engine.StaticMeshActor Name:StaticMeshActor_UAID_581122873421186301_1553474936 Label:SM_Ramp8 SpatiallyLoaded:1 Bounds:IsValid=true, Min=(X=3619.526 Y=307.043 Z=100.000), Max=(X=3819.526 Y=507.043 Z=200.000) RuntimeGrid:None EditorOnly:0 RuntimeOnly:0 HLODRelevant:1 FolderPath:Cylinder FolderGuid:D075E5BA49330D3EC2503D81A7CF88D1
 |   |   |- [+] [ 24]
 |   |   |   |- Guid:A741E7EF4A11875197923FA935D9202A BaseClass: NativeClass:/Script/Engine.StaticMeshActor Name:StaticMeshActor_UAID_581122873421176301_1920379755 Label:SM_Ramp4 SpatiallyLoaded:1 Bounds:IsValid=true, Min=(X=2907.139 Y=1001.017 Z=0.000), Max=(X=3331.403 Y=1425.281 Z=100.000) RuntimeGrid:None EditorOnly:0 RuntimeOnly:0 HLODRelevant:1 FolderPath:Cylinder FolderGuid:D075E5BA49330D3EC2503D81A7CF88D1
 |   |   |- [+] [ 25]
 |   |   |   |- Guid:2FB58999456391D349DC0F86DAC136ED BaseClass: NativeClass:/Script/Engine.SkyLight Name:SkyLight_1 Label:SkyLight SpatiallyLoaded:0 Bounds:IsValid=true, Min=(X=0.000 Y=0.000 Z=690.000), Max=(X=0.000 Y=0.000 Z=690.000) RuntimeGrid:None EditorOnly:0 RuntimeOnly:0 HLODRelevant:0 FolderPath:Lighting FolderGuid:963EC3EB4002CCE9759E2EBA541A873A
 |   |   |- [+] [ 26]
 |   |   |   |- Guid:9765ECF54858C165188C95B28D88016B BaseClass: NativeClass:/Script/Engine.StaticMeshActor Name:StaticMeshActor_12 Label:SM_Cube8 SpatiallyLoaded:1 Bounds:IsValid=true, Min=(X=2240.000 Y=3090.000 Z=0.000), Max=(X=3440.000 Y=3590.000 Z=300.000) RuntimeGrid:None EditorOnly:0 RuntimeOnly:0 HLODRelevant:1 FolderPath:Block02 FolderGuid:EBA23F8248252949750E43911A3A1CDD
 |   |   |- [+] [ 27]
 |   |   |   |- Guid:E864EE5542C27D6674BEBB9312F02BB4 BaseClass: NativeClass:/Script/Engine.StaticMeshActor Name:StaticMeshActor_23 Label:SM_QuarterCylinder5 SpatiallyLoaded:1 Bounds:IsValid=true, Min=(X=530.000 Y=3140.000 Z=0.000), Max=(X=630.000 Y=3240.000 Z=400.000) RuntimeGrid:None EditorOnly:0 RuntimeOnly:0 HLODRelevant:1 FolderPath:Block03 FolderGuid:7B7009C345D3D6DD94D3429E1D79C034
 |   |   |- [+] [ 28]
 |   |   |   |- Guid:A56216954B2165CF0F35A886B537D536 BaseClass: NativeClass:/Script/Engine.StaticMeshActor Name:StaticMeshActor_0 Label:SM_Cube5 SpatiallyLoaded:1 Bounds:IsValid=true, Min=(X=-0.000 Y=100.000 Z=0.000), Max=(X=100.000 Y=4400.000 Z=475.000) RuntimeGrid:None EditorOnly:0 RuntimeOnly:0 HLODRelevant:1 FolderPath:Playground FolderGuid:C73F09FC4215536B1DCE2A9E0A830C70
 |   |   |- [+] [ 29]
 |   |   |   |- Guid:08F9DC56444CFFF3F13B379E81EF05BC BaseClass: NativeClass:/Script/Engine.StaticMeshActor Name:StaticMeshActor_16 Label:SM_Cube11 SpatiallyLoaded:1 Bounds:IsValid=true, Min=(X=630.000 Y=2840.000 Z=0.000), Max=(X=1030.000 Y=3240.000 Z=400.000) RuntimeGrid:None EditorOnly:0 RuntimeOnly:0 HLODRelevant:1 FolderPath:Block03 FolderGuid:7B7009C345D3D6DD94D3429E1D79C034
 |   |   |- [+] [ 30]
 |   |   |   |- Guid:94F6D9A645798F5BAD0B58BEED8F27F5 BaseClass: NativeClass:/Script/Engine.StaticMeshActor Name:StaticMeshActor_32 Label:SM_QuarterCylinder11 SpatiallyLoaded:1 Bounds:IsValid=true, Min=(X=3620.000 Y=760.000 Z=-0.000), Max=(X=4120.000 Y=1260.000 Z=200.000) RuntimeGrid:None EditorOnly:0 RuntimeOnly:0 HLODRelevant:1 FolderPath:Cylinder FolderGuid:D075E5BA49330D3EC2503D81A7CF88D1
 |   |   |- [+] [ 31]
 |   |   |   |- Guid:BC08B79C4EA3C961CFF75EBBE83B367D BaseClass: NativeClass:/Script/Engine.StaticMeshActor Name:StaticMeshActor_5 Label:SM_Cube2 SpatiallyLoaded:1 Bounds:IsValid=true, Min=(X=0.000 Y=0.000 Z=0.000), Max=(X=4500.000 Y=100.000 Z=475.000) RuntimeGrid:None EditorOnly:0 RuntimeOnly:0 HLODRelevant:1 FolderPath:Playground FolderGuid:C73F09FC4215536B1DCE2A9E0A830C70
 |   |   |- [+] [ 32]
 |   |   |   |- Guid:26B8C3BE41021A3F42B61FA534F9181E BaseClass: NativeClass:/Script/Engine.StaticMeshActor Name:StaticMeshActor_20 Label:SM_Cube12 SpatiallyLoaded:1 Bounds:IsValid=true, Min=(X=3440.000 Y=3190.000 Z=0.000), Max=(X=3540.000 Y=3490.000 Z=300.000) RuntimeGrid:None EditorOnly:0 RuntimeOnly:0 HLODRelevant:1 FolderPath:Block02 FolderGuid:EBA23F8248252949750E43911A3A1CDD
 |   |   |- [+] [ 33]
 |   |   |   |- Guid:FF698C67459ADB4982D7759C0905EE9F BaseClass: NativeClass:/Script/Engine.StaticMeshActor Name:StaticMeshActor_6 Label:SM_Cube3 SpatiallyLoaded:1 Bounds:IsValid=true, Min=(X=0.000 Y=4400.000 Z=0.000), Max=(X=4500.000 Y=4500.000 Z=475.000) RuntimeGrid:None EditorOnly:0 RuntimeOnly:0 HLODRelevant:1 FolderPath:Playground FolderGuid:C73F09FC4215536B1DCE2A9E0A830C70
 |   |   |- [+] [ 34]
 |   |   |   |- Guid:3A00AA1C422CE54C0BDB60BAF471BFBB BaseClass: NativeClass:/Script/Engine.PlayerStart Name:PlayerStart_0 Label:PlayerStart SpatiallyLoaded:0 Bounds:IsValid=true, Min=(X=340.000 Y=500.000 Z=0.013), Max=(X=420.000 Y=580.000 Z=184.013) RuntimeGrid:None EditorOnly:0 RuntimeOnly:0 HLODRelevant:0
 |   |   |- [+] [ 35]
 |   |   |   |- Guid:745A095B4BA4E157E4537FA63F5B7B43 BaseClass: NativeClass:/Script/Engine.StaticMeshActor Name:StaticMeshActor_2 Label:SM_ChamferCube SpatiallyLoaded:1 Bounds:IsValid=true, Min=(X=1100.000 Y=2340.000 Z=80.013), Max=(X=1200.000 Y=2440.000 Z=180.013) RuntimeGrid:None EditorOnly:0 RuntimeOnly:0 HLODRelevant:0
 |   |   |- [+] [ 36]
 |   |   |   |- Guid:65FC27D0478C0356CD5B1A8427F02C1A BaseClass: NativeClass:/Script/Engine.StaticMeshActor Name:StaticMeshActor_UAID_581122873421176301_2132987756 Label:SM_Cube14 SpatiallyLoaded:1 Bounds:IsValid=true, Min=(X=3118.289 Y=935.749 Z=0.000), Max=(X=3401.132 Y=1218.592 Z=100.000) RuntimeGrid:None EditorOnly:0 RuntimeOnly:0 HLODRelevant:1 FolderPath:Cylinder FolderGuid:D075E5BA49330D3EC2503D81A7CF88D1
 |   |   |- [+] [ 37]
 |   |   |   |- Guid:0B1288BD4211573805A2EA86A655E878 BaseClass: NativeClass:/Script/Engine.StaticMeshActor Name:StaticMeshActor_UAID_581122873421F66301_2024491999 Label:S_Limestone_Rubble_ubxbejwda_lod5 SpatiallyLoaded:1 Bounds:IsValid=true, Min=(X=122.830 Y=381.043 Z=-11.797), Max=(X=698.802 Y=644.384 Z=9.786) RuntimeGrid:None EditorOnly:0 RuntimeOnly:0 HLODRelevant:1 FolderPath:Playground FolderGuid:C73F09FC4215536B1DCE2A9E0A830C70
 |   |   |- [+] [ 38]
 |   |   |   |- Guid:ED44DA684F40002733ADF18F8DD612A5 BaseClass: NativeClass:/Script/Engine.StaticMeshActor Name:StaticMeshActor_UAID_581122873421F76301_1098376176 Label:S_Limestone_Rocks_ubxaajpda_lod5 SpatiallyLoaded:1 Bounds:IsValid=true, Min=(X=253.034 Y=449.309 Z=-54.780), Max=(X=922.411 Y=1082.325 Z=21.224) RuntimeGrid:None EditorOnly:0 RuntimeOnly:0 HLODRelevant:1 FolderPath:Playground FolderGuid:C73F09FC4215536B1DCE2A9E0A830C70
 |   |   |- [+] [ 39]
 |   |   |   |- Guid:833E74BD4641B3128762648F62559340 BaseClass: NativeClass:/Script/Engine.StaticMeshActor Name:StaticMeshActor_UAID_581122873421F76301_1126143177 Label:S_Limestone_Rocks_ubxaajpda_lod6 SpatiallyLoaded:1 Bounds:IsValid=true, Min=(X=-68.133 Y=469.083 Z=-22.390), Max=(X=535.581 Y=1078.159 Z=15.612) RuntimeGrid:None EditorOnly:0 RuntimeOnly:0 HLODRelevant:1 FolderPath:Playground FolderGuid:C73F09FC4215536B1DCE2A9E0A830C70
 |   |   |- [+] [ 40]
 |   |   |   |- Guid:97A5B8844CB568E9FF8F739A9E7A49F0 BaseClass: NativeClass:/Script/Engine.StaticMeshActor Name:StaticMeshActor_UAID_581122873421F76301_1189571179 Label:S_Limestone_Rubble_ubxbejwda_lod6 SpatiallyLoaded:1 Bounds:IsValid=true, Min=(X=627.749 Y=274.959 Z=-11.797), Max=(X=926.732 Y=866.328 Z=9.786) RuntimeGrid:None EditorOnly:0 RuntimeOnly:0 HLODRelevant:1 FolderPath:Playground FolderGuid:C73F09FC4215536B1DCE2A9E0A830C70
 |   |   |- [+] [ 41]
 |   |   |   |- Guid:9B0EE0284F47893E096AACA0745033A6 BaseClass: NativeClass:/Script/Engine.StaticMeshActor Name:StaticMeshActor_UAID_581122873421F76301_1546956180 Label:S_Limestone_Slab_ub3rcjzda_lod5 SpatiallyLoaded:1 Bounds:IsValid=true, Min=(X=211.939 Y=933.891 Z=-182.292), Max=(X=558.058 Y=1720.027 Z=9.713) RuntimeGrid:None EditorOnly:0 RuntimeOnly:0 HLODRelevant:1 FolderPath:Playground FolderGuid:C73F09FC4215536B1DCE2A9E0A830C70
 |   |   |- [+] [ 42]
 |   |   |   |- Guid:63AC5BBA425A1BB281F101A52E5D39CB BaseClass: NativeClass:/Script/Engine.StaticMeshActor Name:StaticMeshActor_UAID_581122873421F76301_1629332181 Label:S_Limestone_Slab_ub3rcjzda_lod6 SpatiallyLoaded:1 Bounds:IsValid=true, Min=(X=501.942 Y=689.973 Z=-182.292), Max=(X=848.061 Y=1476.109 Z=9.713) RuntimeGrid:None EditorOnly:0 RuntimeOnly:0 HLODRelevant:1 FolderPath:Playground FolderGuid:C73F09FC4215536B1DCE2A9E0A830C70
 |   |   |- [+] [ 43]
 |   |   |   |- Guid:5186E52048BBB18FA16F8D9ECE573930 BaseClass: NativeClass:/Script/Engine.StaticMeshActor Name:StaticMeshActor_UAID_581122873421F76301_1841008183 Label:S_Limestone_Rocks_ubordbyda_lod5 SpatiallyLoaded:1 Bounds:IsValid=true, Min=(X=867.812 Y=933.474 Z=-27.232), Max=(X=3089.826 Y=2910.833 Z=759.660) RuntimeGrid:None EditorOnly:0 RuntimeOnly:0 HLODRelevant:1 FolderPath:Playground FolderGuid:C73F09FC4215536B1DCE2A9E0A830C70
 |   |   |- [+] [ 44]
 |   |   |   |- Guid:B97FBCFA40F3CD99409DF99AB78B9619 BaseClass: NativeClass:/Script/Engine.StaticMeshActor Name:StaticMeshActor_UAID_581122873421F76301_2000280184 Label:S_Limestone_Rocks_ubqxai2da_lod5 SpatiallyLoaded:1 Bounds:IsValid=true, Min=(X=769.226 Y=-336.428 Z=-73.175), Max=(X=3054.510 Y=1228.072 Z=147.641) RuntimeGrid:None EditorOnly:0 RuntimeOnly:0 HLODRelevant:1 FolderPath:Playground FolderGuid:C73F09FC4215536B1DCE2A9E0A830C70
 |   |   |- [+] [ 45]
 |   |   |   |- Guid:175910D245E68E3A1093AC905075D44C BaseClass: NativeClass:/Script/Engine.StaticMeshActor Name:StaticMeshActor_UAID_581122873421F86301_1212416361 Label:S_Limestone_Rocks_ubqxai2da_lod6 SpatiallyLoaded:1 Bounds:IsValid=true, Min=(X=2419.226 Y=3193.572 Z=-103.175), Max=(X=4704.510 Y=4758.072 Z=117.641) RuntimeGrid:None EditorOnly:0 RuntimeOnly:0 HLODRelevant:1 FolderPath:Playground FolderGuid:C73F09FC4215536B1DCE2A9E0A830C70
 |   |   |- [+] [ 46]
 |   |   |   |- Guid:595836684A9978F032E16AA2661831B4 BaseClass: NativeClass:/Script/Engine.StaticMeshActor Name:StaticMeshActor_UAID_581122873421F86301_1296784362 Label:S_Limestone_Slab_ub3rcjzda_lod7 SpatiallyLoaded:1 Bounds:IsValid=true, Min=(X=651.939 Y=723.891 Z=-182.292), Max=(X=998.058 Y=1510.027 Z=9.713) RuntimeGrid:None EditorOnly:0 RuntimeOnly:0 HLODRelevant:1 FolderPath:Playground FolderGuid:C73F09FC4215536B1DCE2A9E0A830C70
 |   |   |- [+] [ 47]
 |   |   |   |- Guid:7E9FDED644DFC21E3E0AF789E01F1629 BaseClass: NativeClass:/Script/Engine.StaticMeshActor Name:StaticMeshActor_UAID_581122873421F86301_1296785363 Label:S_Limestone_Slab_ub3rcjzda_lod8 SpatiallyLoaded:1 Bounds:IsValid=true, Min=(X=871.939 Y=953.891 Z=-182.292), Max=(X=1218.058 Y=1740.027 Z=9.713) RuntimeGrid:None EditorOnly:0 RuntimeOnly:0 HLODRelevant:1 FolderPath:Playground FolderGuid:C73F09FC4215536B1DCE2A9E0A830C70
 |   |   |- [+] [ 48]
 |   |   |   |- Guid:9BA64BC84244E87EE1EBB7835FD3B7C0 BaseClass: NativeClass:/Script/Engine.StaticMeshActor Name:StaticMeshActor_UAID_581122873421F86301_1467912364 Label:S_Limestone_Rocks_ubqxai2da_lod7 SpatiallyLoaded:1 Bounds:IsValid=true, Min=(X=749.226 Y=3073.572 Z=-73.175), Max=(X=3034.510 Y=4638.072 Z=147.641) RuntimeGrid:None EditorOnly:0 RuntimeOnly:0 HLODRelevant:1 FolderPath:Playground FolderGuid:C73F09FC4215536B1DCE2A9E0A830C70
 |   |   |- [+] [ 49]
 |   |   |   |- Guid:20D1702B4B3F9C93A73B34AF486EA8EE BaseClass: NativeClass:/Script/Engine.StaticMeshActor Name:StaticMeshActor_UAID_581122873421F86301_2058580366 Label:S_Limestone_Rocks_ubordbyda_lod6 SpatiallyLoaded:1 Bounds:IsValid=true, Min=(X=2777.893 Y=897.868 Z=-96.893), Max=(X=3961.858 Y=2060.183 Z=217.864) RuntimeGrid:None EditorOnly:0 RuntimeOnly:0 HLODRelevant:1
 |   |   |- [+] [ 50]
 |   |   |   |- Guid:1458F66B4B2D59995701C3BAB7986721 BaseClass: NativeClass:/Script/Engine.StaticMeshActor Name:StaticMeshActor_UAID_581122873421F96301_1094592543 Label:S_Limestone_Rubble_ubxbejwda_lod7 SpatiallyLoaded:1 Bounds:IsValid=true, Min=(X=2737.608 Y=-202.004 Z=-38.987), Max=(X=3395.960 Y=1237.926 Z=68.929) RuntimeGrid:None EditorOnly:0 RuntimeOnly:0 HLODRelevant:1 FolderPath:Playground FolderGuid:C73F09FC4215536B1DCE2A9E0A830C70
 |   |   |- [+] [ 51]
 |   |   |   |- Guid:C5BB9BD84888A045085498B951644011 BaseClass: NativeClass:/Script/Engine.StaticMeshActor Name:StaticMeshActor_UAID_581122873421F96301_1181860544 Label:S_Limestone_Rocks_ubxaajpda_lod7 SpatiallyLoaded:1 Bounds:IsValid=true, Min=(X=2404.079 Y=1243.657 Z=-141.950), Max=(X=4063.198 Y=2940.718 Z=48.061) RuntimeGrid:None EditorOnly:0 RuntimeOnly:0 HLODRelevant:1 FolderPath:Playground FolderGuid:C73F09FC4215536B1DCE2A9E0A830C70
 |   |   |- [+] [ 52]
 |   |   |   |- Guid:DECA7ACE4AADF761DD652DAFA4C028D3 BaseClass: NativeClass:/Script/Engine.StaticMeshActor Name:StaticMeshActor_UAID_581122873421F96301_1355103545 Label:S_Limestone_Slab_ub3rcjzda_lod9 SpatiallyLoaded:1 Bounds:IsValid=true, Min=(X=3307.755 Y=1025.563 Z=-112.458), Max=(X=4692.234 Y=4170.109 Z=-74.057) RuntimeGrid:None EditorOnly:0 RuntimeOnly:0 HLODRelevant:1
 |   |   |- [+] [ 53]
 |   |   |   |- Guid:1ADC3A874D3608897BDE8185BA5ECF95 BaseClass: NativeClass:/Script/Engine.StaticMeshActor Name:StaticMeshActor_UAID_581122873421F96301_1510205546 Label:S_Limestone_Slab_ub3rcjzda_lod10 SpatiallyLoaded:1 Bounds:IsValid=true, Min=(X=475.563 Y=2217.766 Z=-304.585), Max=(X=3620.109 Y=3602.245 Z=79.427) RuntimeGrid:None EditorOnly:0 RuntimeOnly:0 HLODRelevant:1
 |   |   |- [+] [ 54]
 |   |   |   |- Guid:6362EDC44B658019D75DEB9BC8235871 BaseClass: NativeClass:/Script/Engine.StaticMeshActor Name:StaticMeshActor_UAID_581122873421F96301_1832530547 Label:S_Limestone_Rubble_ubxbejwda_lod8 SpatiallyLoaded:1 Bounds:IsValid=true, Min=(X=143.857 Y=143.136 Z=-11.797), Max=(X=756.807 Y=502.492 Z=9.786) RuntimeGrid:None EditorOnly:0 RuntimeOnly:0 HLODRelevant:1 FolderPath:Playground FolderGuid:C73F09FC4215536B1DCE2A9E0A830C70
 |   |   |- [+] [ 55]
 |   |   |   |- Guid:73FA24E344511141F37C56AA0B3AE259 BaseClass: NativeClass:/Script/Engine.StaticMeshActor Name:StaticMeshActor_UAID_581122873421F96301_1846308548 Label:S_Limestone_Rubble_ubxbejwda_lod9 SpatiallyLoaded:1 Bounds:IsValid=true, Min=(X=176.798 Y=-31.576 Z=-25.392), Max=(X=1040.756 Y=363.435 Z=39.358) RuntimeGrid:None EditorOnly:0 RuntimeOnly:0 HLODRelevant:1 FolderPath:Playground FolderGuid:C73F09FC4215536B1DCE2A9E0A830C70
 |   |   |- [+] [ 56]
 |   |   |   |- Guid:38756C3145CE3507D7ED99B853C178BC BaseClass: NativeClass:/Script/Engine.StaticMeshActor Name:StaticMeshActor_UAID_581122873421F96301_1892602549 Label:S_Limestone_Rubble_ubxbejwda_lod10 SpatiallyLoaded:1 Bounds:IsValid=true, Min=(X=7.749 Y=44.959 Z=-11.797), Max=(X=306.732 Y=636.328 Z=9.786) RuntimeGrid:None EditorOnly:0 RuntimeOnly:0 HLODRelevant:1 FolderPath:Playground FolderGuid:C73F09FC4215536B1DCE2A9E0A830C70
 |   |   |- [+] [ 57]
 |   |   |   |- Guid:79B5665349B8FA67CF3D59AF24B562D0 BaseClass: NativeClass:/Script/Engine.StaticMeshActor Name:StaticMeshActor_UAID_581122873421F96301_1911562550 Label:S_Limestone_Slab_ub3rcjzda_lod11 SpatiallyLoaded:1 Bounds:IsValid=true, Min=(X=1.942 Y=769.973 Z=-162.292), Max=(X=348.061 Y=1556.109 Z=29.713) RuntimeGrid:None EditorOnly:0 RuntimeOnly:0 HLODRelevant:1 FolderPath:Playground FolderGuid:C73F09FC4215536B1DCE2A9E0A830C70
 |   |   |- [+] [ 58]
 |   |   |   |- Guid:756712F540D634E05BF23EBB70ECF200 BaseClass: NativeClass:/Script/Engine.StaticMeshActor Name:StaticMeshActor_UAID_581122873421F96301_2005516551 Label:S_Limestone_Rocks_ubordbyda_lod7 SpatiallyLoaded:1 Bounds:IsValid=true, Min=(X=-292.666 Y=2920.250 Z=-143.785), Max=(X=1289.221 Y=4697.861 Z=485.728) RuntimeGrid:None EditorOnly:0 RuntimeOnly:0 HLODRelevant:1 FolderPath:Playground FolderGuid:C73F09FC4215536B1DCE2A9E0A830C70
 |   |   |- [+] [ 59]
 |   |   |   |- Guid:FB11C5134F6275410EF9659E2525CA8B BaseClass: NativeClass:/Script/Engine.StaticMeshActor Name:StaticMeshActor_UAID_581122873421F96301_2133113552 Label:S_Limestone_Rocks_ubxaajpda_lod8 SpatiallyLoaded:1 Bounds:IsValid=true, Min=(X=2536.780 Y=-318.969 Z=-323.900), Max=(X=4768.037 Y=1791.082 Z=56.122) RuntimeGrid:None EditorOnly:0 RuntimeOnly:0 HLODRelevant:1
 |   |   |- [+] [ 60]
 |   |   |   |- Guid:19AA2F6B46E1D3D3E0C07280E9DB0E0E BaseClass: NativeClass:/Script/Engine.StaticMeshActor Name:StaticMeshActor_UAID_581122873421FA6301_1313114729 Label:S_Limestone_Rocks_ubxaajpda_lod9 SpatiallyLoaded:1 Bounds:IsValid=true, Min=(X=4022.811 Y=-362.827 Z=-157.733), Max=(X=4693.893 Y=273.889 Z=3.853) RuntimeGrid:None EditorOnly:0 RuntimeOnly:0 HLODRelevant:1
 |   |   |- [+] [ 61]
 |   |   |   |- Guid:B5725A4540CD6A0B5840D19038E4DA66 BaseClass: NativeClass:/Script/Engine.StaticMeshActor Name:StaticMeshActor_UAID_581122873421FA6301_1341262730 Label:S_Limestone_Rocks_ubxaajpda_lod10 SpatiallyLoaded:1 Bounds:IsValid=true, Min=(X=4183.034 Y=2999.309 Z=-157.170), Max=(X=4852.411 Y=3632.325 Z=-43.163) RuntimeGrid:None EditorOnly:0 RuntimeOnly:0 HLODRelevant:1
 |   |   |- [+] [ 62]
 |   |   |   |- Guid:EE2E2ED0474A9D7FEDE7B3A0E1846997 BaseClass: NativeClass:/Script/Engine.StaticMeshActor Name:StaticMeshActor_UAID_581122873421FA6301_1394262731 Label:S_Limestone_Rocks_ubxaajpda_lod11 SpatiallyLoaded:1 Bounds:IsValid=true, Min=(X=4143.034 Y=4169.309 Z=-157.170), Max=(X=4812.411 Y=4802.325 Z=-43.163) RuntimeGrid:None EditorOnly:0 RuntimeOnly:0 HLODRelevant:1
 |   |   |- [+] [ 63]
 |   |   |   |- Guid:3B0481F6448F9E4995D88DAB4AF00917 BaseClass: NativeClass:/Script/Engine.StaticMeshActor Name:StaticMeshActor_UAID_581122873421FA6301_1438370732 Label:S_Limestone_Slab_ub3rcjzda_lod12 SpatiallyLoaded:1 Bounds:IsValid=true, Min=(X=-322.245 Y=1001.672 Z=-242.292), Max=(X=1062.234 Y=3360.082 Z=-50.287) RuntimeGrid:None EditorOnly:0 RuntimeOnly:0 HLODRelevant:1 FolderPath:Playground FolderGuid:C73F09FC4215536B1DCE2A9E0A830C70
 |   |   |- [+] [ 64]
 |   |   |   |- Guid:EFCB8CAC468C51A741F52EB4CD1B3085 BaseClass: NativeClass:/Script/Engine.StaticMeshActor Name:StaticMeshActor_UAID_581122873421FA6301_1513025733 Label:S_Limestone_Rocks_ubxaajpda_lod12 SpatiallyLoaded:1 Bounds:IsValid=true, Min=(X=-208.133 Y=1209.083 Z=-104.780), Max=(X=395.581 Y=1818.159 Z=-28.776) RuntimeGrid:None EditorOnly:0 RuntimeOnly:0 HLODRelevant:1 FolderPath:Playground FolderGuid:C73F09FC4215536B1DCE2A9E0A830C70
 |   |   |- [+] [ 65]
 |   |   |   |- Guid:6E8E4C2143AF5431DE4004AA38098ECF BaseClass: NativeClass:/Script/Engine.StaticMeshActor Name:StaticMeshActor_UAID_581122873421FA6301_1533001734 Label:S_Limestone_Rocks_ubxaajpda_lod13 SpatiallyLoaded:1 Bounds:IsValid=true, Min=(X=-298.133 Y=2809.083 Z=-134.780), Max=(X=305.581 Y=3418.159 Z=-58.776) RuntimeGrid:None EditorOnly:0 RuntimeOnly:0 HLODRelevant:1 FolderPath:Playground FolderGuid:C73F09FC4215536B1DCE2A9E0A830C70
 |   |   |- [+] [ 66]
 |   |   |   |- Guid:B4073B3346CFEAEA2DC527823B8637BC BaseClass: NativeClass:/Script/Engine.StaticMeshActor Name:StaticMeshActor_UAID_581122873421FA6301_1549463735 Label:S_Limestone_Rocks_ubxaajpda_lod14 SpatiallyLoaded:1 Bounds:IsValid=true, Min=(X=-422.199 Y=3873.624 Z=-151.950), Max=(X=483.372 Y=4787.239 Z=38.061) RuntimeGrid:None EditorOnly:0 RuntimeOnly:0 HLODRelevant:1 FolderPath:Playground FolderGuid:C73F09FC4215536B1DCE2A9E0A830C70
 |   |   |- [+] [ 67]
 |   |   |   |- Guid:0DC35D9A469BBFDBA475219748F05BE8 BaseClass: NativeClass:/Script/Engine.StaticMeshActor Name:StaticMeshActor_UAID_581122873421FA6301_1626029736 Label:SM_Cube16 SpatiallyLoaded:1 Bounds:IsValid=true, Min=(X=580.000 Y=1040.000 Z=-80.000), Max=(X=780.000 Y=1540.000 Z=420.000) RuntimeGrid:None EditorOnly:0 RuntimeOnly:0 HLODRelevant:1 FolderPath:Block03 FolderGuid:7B7009C345D3D6DD94D3429E1D79C034
 |- ContainerInstances:
 |- [+] MainContainer:
 |   |-        ID: 0x0000000000000000
 |   |-    Bounds: IsValid=false, Min=(X=0.000 Y=0.000 Z=0.000), Max=(X=0.000 Y=0.000 Z=0.000)
 |   |- Transform: 0.000000,0.000000,0.000000|0.000000,0.000000,-0.000000|1.000000,1.000000,1.000000
 |   |- Container: /Game/ThirdPerson/Maps/ThirdPersonMap
----------------------------------------------------------------------------------------------------------------
ThirdPersonMap - Persistent Level
----------------------------------------------------------------------------------------------------------------
Always loaded Actor Count: 103 

----------------------------------------------------------------------------------------------------------------
ThirdPersonMap - Runtime Spatial Hash - Streaming Grid - MainGrid
----------------------------------------------------------------------------------------------------------------
            Origin: X=0.000 Y=0.000 Z=0.000
         Cell Size: 12800
      World Bounds: IsValid=false, Min=(X=0.000 Y=0.000 Z=0.000), Max=(X=0.000 Y=0.000 Z=0.000)
     Loading Range: 25600.00
Block Slow Loading: No
 ClientOnlyVisible: No

[+] Grid Levels: 1
 |- Level  0: Cell Count    0 | Cell Size   12800 | Actor Count    0 (0.0%)

[+] Content of Grid Level 0

